{
  "stats": {
    "suites": 21,
    "tests": 27,
    "passes": 20,
    "pending": 0,
    "failures": 5,
    "testsRegistered": 27,
    "passPercent": 74.07407407407408,
    "pendingPercent": 0,
    "other": 0,
    "hasOther": false,
    "skipped": 2,
    "hasSkipped": true,
    "start": "2024-11-25T19:36:27.826Z",
    "end": "2024-11-25T19:41:05.264Z",
    "duration": 277438
  },
  "results": [
    {
      "uuid": "3479e6a7-ba01-43bf-aa34-027f0cc97d82",
      "title": "",
      "fullFile": "cypress/e2e/webdriveruni/autocomplete-dropdown-list.js",
      "file": "cypress/e2e/webdriveruni/autocomplete-dropdown-list.js",
      "beforeHooks": [],
      "afterHooks": [],
      "tests": [],
      "suites": [
        {
          "uuid": "98c0d5d8-9c0d-4aed-832a-54db30073ce8",
          "title": "Verify Autocomplete dropdown list via webdriveuni",
          "fullFile": "",
          "file": "",
          "beforeHooks": [],
          "afterHooks": [],
          "tests": [
            {
              "title": "Select specific product via autocomplete lists ",
              "fullTitle": "Verify Autocomplete dropdown list via webdriveuni Select specific product via autocomplete lists ",
              "timedOut": null,
              "duration": 7822,
              "state": "passed",
              "speed": "medium",
              "pass": true,
              "fail": false,
              "pending": false,
              "context": null,
              "code": "cy.visit(\"https://www.webdriveruniversity.com\");\ncy.get(\"#autocomplete-textfield\").invoke(\"removeAttr\", \"target\").click({\n  force: true\n});\ncy.get(\"#myInput\").type(\"A\");\ncy.get(\"#myInputautocomplete-list > *\").each(($el, index, $list) => {\n  const prod = $el.text();\n  const productToSelect = \"Avacado\";\n  if (prod === productToSelect) {\n    $el.trigger(\"click\");\n    cy.get(\"#submit-button\").click();\n    cy.url().should(\"include\", productToSelect);\n  }\n}).then(() => {\n  cy.get(\"#myInput\").type(\"g\");\n  cy.get(\"#myInputautocomplete-list > *\").each(($el, index, $list) => {\n    const prod = $el.text();\n    const productToSelect = \"Grapes\";\n    if (prod === productToSelect) {\n      $el.trigger(\"click\");\n      cy.get(\"#submit-button\").click();\n      cy.url().should(\"include\", productToSelect);\n    }\n  });\n});",
              "err": {},
              "uuid": "c4ef7173-6343-4930-8f6a-bb4f64f209f6",
              "parentUUID": "98c0d5d8-9c0d-4aed-832a-54db30073ce8",
              "isHook": false,
              "skipped": false
            }
          ],
          "suites": [],
          "passes": [
            "c4ef7173-6343-4930-8f6a-bb4f64f209f6"
          ],
          "failures": [],
          "pending": [],
          "skipped": [],
          "duration": 7822,
          "root": false,
          "rootEmpty": false,
          "_timeout": 2000
        }
      ],
      "passes": [],
      "failures": [],
      "pending": [],
      "skipped": [],
      "duration": 0,
      "root": true,
      "rootEmpty": true,
      "_timeout": 2000
    },
    {
      "uuid": "b33f3e55-421e-4912-9460-ea40847e43a0",
      "title": "",
      "fullFile": "cypress/e2e/webdriveruni/browser-navigation.js",
      "file": "cypress/e2e/webdriveruni/browser-navigation.js",
      "beforeHooks": [],
      "afterHooks": [],
      "tests": [],
      "suites": [
        {
          "uuid": "72ed48ed-adc4-4460-95c6-0251c07a6bdd",
          "title": "Validate webdriver university homePage links",
          "fullFile": "",
          "file": "",
          "beforeHooks": [],
          "afterHooks": [],
          "tests": [
            {
              "title": "Confirm links redirect to the correct pages ",
              "fullTitle": "Validate webdriver university homePage links Confirm links redirect to the correct pages ",
              "timedOut": null,
              "duration": 11884,
              "state": "passed",
              "speed": "slow",
              "pass": true,
              "fail": false,
              "pending": false,
              "context": null,
              "code": "cy.visit(\"https://www.webdriveruniversity.com\");\ncy.get(\"#contact-us\").invoke(\"removeAttr\", \"target\").click({\n  force: true\n});\ncy.url().should(\"include\", \"contactus\");\ncy.go(\"back\");\ncy.reload();\n//cy.reload(true) reload withoit cache\ncy.url().should(\"include\", \"https://www.webdriveruniversity.com\");\ncy.go(\"forward\");\ncy.url().should(\"include\", \"contactus\");\ncy.go(\"back\");\ncy.get(\"#login-portal\").invoke(\"removeAttr\", \"target\").click({\n  force: true\n});\ncy.url().should(\"include\", \"Login-Portal\");\ncy.go(\"back\");\ncy.get(\"#to-do-list\").invoke(\"removeAttr\", \"target\").click({\n  force: true\n});\ncy.url().should(\"include\", \"To-Do-List\");\ncy.go(\"back\");",
              "err": {},
              "uuid": "0871cb66-6a09-460d-97f4-376f5c39e032",
              "parentUUID": "72ed48ed-adc4-4460-95c6-0251c07a6bdd",
              "isHook": false,
              "skipped": false
            }
          ],
          "suites": [],
          "passes": [
            "0871cb66-6a09-460d-97f4-376f5c39e032"
          ],
          "failures": [],
          "pending": [],
          "skipped": [],
          "duration": 11884,
          "root": false,
          "rootEmpty": false,
          "_timeout": 2000
        }
      ],
      "passes": [],
      "failures": [],
      "pending": [],
      "skipped": [],
      "duration": 0,
      "root": true,
      "rootEmpty": true,
      "_timeout": 2000
    },
    {
      "uuid": "d2d5e554-f057-483c-86f1-e4abf00cbf48",
      "title": "",
      "fullFile": "cypress/e2e/webdriveruni/checkboxes.js",
      "file": "cypress/e2e/webdriveruni/checkboxes.js",
      "beforeHooks": [],
      "afterHooks": [],
      "tests": [],
      "suites": [
        {
          "uuid": "71630667-8beb-4885-87aa-e5511450112e",
          "title": "Check & Checkboxes",
          "fullFile": "",
          "file": "",
          "beforeHooks": [],
          "afterHooks": [],
          "tests": [
            {
              "title": "One Command to uncheck multiple Checkboxes",
              "fullTitle": "Check & Checkboxes One Command to uncheck multiple Checkboxes",
              "timedOut": null,
              "duration": 4438,
              "state": "passed",
              "speed": "fast",
              "pass": true,
              "fail": false,
              "pending": false,
              "context": null,
              "code": "// cy.get(\"#checkboxes > :nth-child(1) > input\").check()\ncy.get('[type=\"checkbox\"]').as(\"checkboxes\");\ncy.get(\"@checkboxes\").check().should(\"be.checked\");\ncy.get(\"@checkboxes\").uncheck().should(\"not.be.checked\");",
              "err": {},
              "uuid": "7126b382-b23f-4bfe-9817-890c47b7f7c8",
              "parentUUID": "71630667-8beb-4885-87aa-e5511450112e",
              "isHook": false,
              "skipped": false
            }
          ],
          "suites": [],
          "passes": [
            "7126b382-b23f-4bfe-9817-890c47b7f7c8"
          ],
          "failures": [],
          "pending": [],
          "skipped": [],
          "duration": 4438,
          "root": false,
          "rootEmpty": false,
          "_timeout": 2000
        }
      ],
      "passes": [],
      "failures": [],
      "pending": [],
      "skipped": [],
      "duration": 0,
      "root": true,
      "rootEmpty": true,
      "_timeout": 2000
    },
    {
      "uuid": "99e9f278-6216-45e2-98b4-aa6f947a6a0d",
      "title": "",
      "fullFile": "cypress/e2e/webdriveruni/contact-us.js",
      "file": "cypress/e2e/webdriveruni/contact-us.js",
      "beforeHooks": [],
      "afterHooks": [],
      "tests": [],
      "suites": [
        {
          "uuid": "cb96782a-9b24-4e86-85bc-396191caa7af",
          "title": "Test Contact Us form via WebdriverUni",
          "fullFile": "",
          "file": "",
          "beforeHooks": [],
          "afterHooks": [],
          "tests": [
            {
              "title": "Should be able to submit a successfull submission contact us form",
              "fullTitle": "Test Contact Us form via WebdriverUni Should be able to submit a successfull submission contact us form",
              "timedOut": null,
              "duration": 72471,
              "state": "failed",
              "speed": null,
              "pass": false,
              "fail": true,
              "pending": false,
              "context": null,
              "code": "// cy.document().should(\"have.a.property\", \"charset\").and(\"eq\", \"UTF-8\");\n// cy.visit(\"https://www.webdriveruniversity.com/Contact-Us/contactus.html\")\n// cy.get(\"#contact-us\").click({ force: true });\n// cy.get('[name=\"first_name\"]').type(data.first_name);\n// cy.get('[name=\"last_name\"]').type(data.last_name);\n// cy.get('[name=\"email\"]').type(data.email);\n// cy.get(\"textarea.feedback-input\").type(\"This is a feeedback\");\n// cy.get('[type=\"submit\"]').click();\n// cy.webdriveruni_contactForm_Submission(\n//   Cypress.env(\"first_name\"),\n//   data.last_name,\n//   data.email,\n//   \"How can i learn it?\",\n//   \"h1\",\n//   \"Thank You for your Message!\"\n// );\ncontactForm.contactForm_submission(Cypress.env(\"first_name\"), data.last_name, data.email, \"How can i learn it?\", \"h1\", \"Thank You for your Message!555\");",
              "err": {
                "message": "AssertionError: Timed out retrying after 60000ms: Expected to find content: 'Thank You for your Message!555' within the element: <h1> but never did.",
                "estack": "AssertionError: Timed out retrying after 60000ms: Expected to find content: 'Thank You for your Message!555' within the element: <h1> but never did.\n    at Contact_Us_PO.contactForm_submission (webpack:///./cypress/support/pageObjects/webdriveruni/Contact_us_PO.js:15:22)\n    at Context.eval (webpack:///./cypress/e2e/webdriveruni/contact-us.js:47:16)",
                "diff": null
              },
              "uuid": "12dccd57-69ad-4f7c-b0de-ac2af5982c5f",
              "parentUUID": "cb96782a-9b24-4e86-85bc-396191caa7af",
              "isHook": false,
              "skipped": false
            },
            {
              "title": "Should not be able to submit a successfull submission contact us form as all fields required",
              "fullTitle": "Test Contact Us form via WebdriverUni Should not be able to submit a successfull submission contact us form as all fields required",
              "timedOut": null,
              "duration": 15411,
              "state": "passed",
              "speed": "slow",
              "pass": true,
              "fail": false,
              "pending": false,
              "context": null,
              "code": "// cy.visit(\"https://www.webdriveruniversity.com/Contact-Us/contactus.html\")\n// cy.visit(\"/\");\n// cy.get(\"#contact-us\").click({ force: true });\n// cy.get('[name=\"first_name\"]').type(data.first_name);\n// cy.get('[name=\"last_name\"]').type(data.last_name);\n// cy.get(\"textarea.feedback-input\").type(\"This is a feeedback\");\n// cy.get('[type=\"submit\"]').click();\n// cy.get(\"body\").contains(\"Error: all fields are required\");\ncontactForm.contactForm_submission(data.first_name, data.last_name, \" \", \"How can i learn it?\", \"body\", \"Error: Invalid email address\");",
              "err": {},
              "uuid": "283b1f0d-cc09-437d-836b-b3385850589d",
              "parentUUID": "cb96782a-9b24-4e86-85bc-396191caa7af",
              "isHook": false,
              "skipped": false
            }
          ],
          "suites": [],
          "passes": [
            "283b1f0d-cc09-437d-836b-b3385850589d"
          ],
          "failures": [
            "12dccd57-69ad-4f7c-b0de-ac2af5982c5f"
          ],
          "pending": [],
          "skipped": [],
          "duration": 87882,
          "root": false,
          "rootEmpty": false,
          "_timeout": 2000
        }
      ],
      "passes": [],
      "failures": [],
      "pending": [],
      "skipped": [],
      "duration": 0,
      "root": true,
      "rootEmpty": true,
      "_timeout": 2000
    },
    {
      "uuid": "dfc8fd19-0727-4721-9c52-37a30dfd3b4d",
      "title": "",
      "fullFile": "cypress/e2e/webdriveruni/data-tables.js",
      "file": "cypress/e2e/webdriveruni/data-tables.js",
      "beforeHooks": [],
      "afterHooks": [],
      "tests": [],
      "suites": [
        {
          "uuid": "560428d5-07a2-491d-b460-be0cb391e823",
          "title": "handlin data via webdriveuni",
          "fullFile": "",
          "file": "",
          "beforeHooks": [],
          "afterHooks": [],
          "tests": [
            {
              "title": "Calculate and assert age for given user based on lastname",
              "fullTitle": "handlin data via webdriveuni Calculate and assert age for given user based on lastname",
              "timedOut": null,
              "duration": 3336,
              "state": "passed",
              "speed": "fast",
              "pass": true,
              "fail": false,
              "pending": false,
              "context": null,
              "code": "cy.get(\"#thumbnail-1 td:nth-child(2\").each(($el, index, $list) => {\n  var text = $el.text();\n  if (text.includes(\"Woods\")) {\n    cy.get(\"#thumbnail-1 td:nth-child(2\").eq(index).next().then(age => {\n      const userAge = age.text();\n      expect(userAge).to.equal(\"80\");\n    });\n  }\n});",
              "err": {},
              "uuid": "4fcb7e9d-78d7-4e7a-a97a-d278b0ced16a",
              "parentUUID": "560428d5-07a2-491d-b460-be0cb391e823",
              "isHook": false,
              "skipped": false
            }
          ],
          "suites": [],
          "passes": [
            "4fcb7e9d-78d7-4e7a-a97a-d278b0ced16a"
          ],
          "failures": [],
          "pending": [],
          "skipped": [],
          "duration": 3336,
          "root": false,
          "rootEmpty": false,
          "_timeout": 2000
        }
      ],
      "passes": [],
      "failures": [],
      "pending": [],
      "skipped": [],
      "duration": 0,
      "root": true,
      "rootEmpty": true,
      "_timeout": 2000
    },
    {
      "uuid": "a84b19dd-beab-4918-bf52-36ab9073b1c8",
      "title": "",
      "fullFile": "cypress/e2e/webdriveruni/datepicker.js",
      "file": "cypress/e2e/webdriveruni/datepicker.js",
      "beforeHooks": [],
      "afterHooks": [],
      "tests": [],
      "suites": [
        {
          "uuid": "b617fb0f-8e5e-4290-861c-33f8837ef8e8",
          "title": "Test of datepicker via webdriveruni",
          "fullFile": "",
          "file": "",
          "beforeHooks": [],
          "afterHooks": [],
          "tests": [
            {
              "title": "Select date from the datepicker",
              "fullTitle": "Test of datepicker via webdriveruni Select date from the datepicker",
              "timedOut": null,
              "duration": 10400,
              "state": "passed",
              "speed": "slow",
              "pass": true,
              "fail": false,
              "pending": false,
              "context": null,
              "code": "cy.visit(\"https://www.webdriveruniversity.com\");\ncy.get(\"#datepicker\").invoke(\"removeAttr\", \"target\").click({\n  force: true\n});\ncy.get(\"#datepicker\").click();\nconst date = new Date();\ndate.setDate(date.getDate() + 80);\nlet futureYear = date.getFullYear();\nlet futureMonth = date.toLocaleString(\"default\", {\n  month: \"long\"\n});\nlet futureDay = date.getDate();\nfunction selectMonthAndYear() {\n  cy.get(\".datepicker-dropdown\").find(\".datepicker-switch\").first().then(currentDate => {\n    const currentText = currentDate.text();\n    const currentYear = parseInt(currentText.split(\" \")[1], 10);\n    //   const currentYear = parseInt(currentText.split(\" \")[1], 10); // Korrekt indexering och bas\n    const currentMonth = currentText.split(\" \")[0];\n    if (currentYear < futureYear || currentYear === futureYear && currentMonth !== futureMonth) {\n      cy.get(\".next\").first().click();\n      selectMonthAndYear();\n      cy.log(currentDate.text());\n    }\n  });\n}\nfunction selectDay() {\n  cy.get(\"[class='day']\").contains(futureDay).click();\n}\nselectMonthAndYear();\nselectDay();",
              "err": {},
              "uuid": "336cec11-bf33-4c8b-9314-0fb1f14cd671",
              "parentUUID": "b617fb0f-8e5e-4290-861c-33f8837ef8e8",
              "isHook": false,
              "skipped": false
            }
          ],
          "suites": [],
          "passes": [
            "336cec11-bf33-4c8b-9314-0fb1f14cd671"
          ],
          "failures": [],
          "pending": [],
          "skipped": [],
          "duration": 10400,
          "root": false,
          "rootEmpty": false,
          "_timeout": 2000
        }
      ],
      "passes": [],
      "failures": [],
      "pending": [],
      "skipped": [],
      "duration": 0,
      "root": true,
      "rootEmpty": true,
      "_timeout": 2000
    },
    {
      "uuid": "a8486e48-4716-4f8a-a5f1-5b1b61b8cfe1",
      "title": "",
      "fullFile": "cypress/e2e/webdriveruni/iframe.js",
      "file": "cypress/e2e/webdriveruni/iframe.js",
      "beforeHooks": [],
      "afterHooks": [],
      "tests": [],
      "suites": [
        {
          "uuid": "3b1b83fc-7cf1-40af-9135-0ac8bddc0d7b",
          "title": "Handling Iframe & Modals",
          "fullFile": "",
          "file": "",
          "beforeHooks": [],
          "afterHooks": [],
          "tests": [
            {
              "title": "Handle webdriveruni Iframe & Modals",
              "fullTitle": "Handling Iframe & Modals Handle webdriveruni Iframe & Modals",
              "timedOut": null,
              "duration": 4926,
              "state": "passed",
              "speed": "fast",
              "pass": true,
              "fail": false,
              "pending": false,
              "context": null,
              "code": "cy.visit(\"https://www.webdriveruniversity.com\");\ncy.get(\"#iframe\").invoke(\"removeAttr\", \"target\").click({\n  force: true\n});\ncy.get(\"#frame\").then($iframe => {\n  const body = $iframe.contents().find(\"body\");\n  cy.wrap(body).as(\"iframe\");\n});\ncy.get(\"@iframe\").find(\"#button-find-out-more\").click();\ncy.get(\"@iframe\").find(\"#myModal\").as(\"modal\");\ncy.get(\"@modal\").should(\"contain\", \"Welcome to webdriveruniversity.com we sell a wide range of electrical goods such as laptops, game consoles, cameras...\");\ncy.get(\"@modal\").contains(\"Close\");\n// cy.get(\"@modal\").should(($expected) => {\n//   const text = $expected.text()\n//   expect(text).include(\n//     \"Welcome to webdriveruniversity.com we sell a wide range of electrical goods such as laptops, game consoles\"\n//   )\n// })",
              "err": {},
              "uuid": "14b70c2f-c9fa-46cf-813c-afdd615c6261",
              "parentUUID": "3b1b83fc-7cf1-40af-9135-0ac8bddc0d7b",
              "isHook": false,
              "skipped": false
            }
          ],
          "suites": [],
          "passes": [
            "14b70c2f-c9fa-46cf-813c-afdd615c6261"
          ],
          "failures": [],
          "pending": [],
          "skipped": [],
          "duration": 4926,
          "root": false,
          "rootEmpty": false,
          "_timeout": 2000
        }
      ],
      "passes": [],
      "failures": [],
      "pending": [],
      "skipped": [],
      "duration": 0,
      "root": true,
      "rootEmpty": true,
      "_timeout": 2000
    },
    {
      "uuid": "740bc373-c262-4ddd-aae1-d22dd1176a17",
      "title": "",
      "fullFile": "cypress/e2e/webdriveruni/javaScript-alert.js",
      "file": "cypress/e2e/webdriveruni/javaScript-alert.js",
      "beforeHooks": [],
      "afterHooks": [],
      "tests": [],
      "suites": [
        {
          "uuid": "e84a1cad-c2c8-498c-9ec7-3fb4c4b1ef6a",
          "title": "JavaScript Alert",
          "fullFile": "",
          "file": "",
          "beforeHooks": [],
          "afterHooks": [],
          "tests": [
            {
              "title": "Validate Js Confirm alert box works correctly when clicking OK ",
              "fullTitle": "JavaScript Alert Validate Js Confirm alert box works correctly when clicking OK ",
              "timedOut": null,
              "duration": 2649,
              "state": "passed",
              "speed": "fast",
              "pass": true,
              "fail": false,
              "pending": false,
              "context": null,
              "code": "cy.visit(\"https://www.webdriveruniversity.com\");\ncy.get(\"#popup-alerts\").invoke(\"removeAttr\", \"target\").click({\n  force: true\n});\nconst stub = cy.stub();\ncy.on(\"window:confirm\", stub);\ncy.get(\"#button4\").click().then(() => {\n  expect(stub.getCall(0)).to.be.calledWith(\"Press a button!\");\n}).then(() => {\n  return true;\n}).then(() => {\n  cy.get(\"#confirm-alert-text\").contains(\"You pressed OK!\");\n});",
              "err": {},
              "uuid": "6778ed85-94df-4273-ae72-214d413375fe",
              "parentUUID": "e84a1cad-c2c8-498c-9ec7-3fb4c4b1ef6a",
              "isHook": false,
              "skipped": false
            }
          ],
          "suites": [],
          "passes": [
            "6778ed85-94df-4273-ae72-214d413375fe"
          ],
          "failures": [],
          "pending": [],
          "skipped": [],
          "duration": 2649,
          "root": false,
          "rootEmpty": false,
          "_timeout": 2000
        }
      ],
      "passes": [],
      "failures": [],
      "pending": [],
      "skipped": [],
      "duration": 0,
      "root": true,
      "rootEmpty": true,
      "_timeout": 2000
    },
    {
      "uuid": "5412cd24-a3b8-460f-9082-32eeaf317e4a",
      "title": "",
      "fullFile": "cypress/e2e/webdriveruni/mouse-actions.js",
      "file": "cypress/e2e/webdriveruni/mouse-actions.js",
      "beforeHooks": [],
      "afterHooks": [],
      "tests": [],
      "suites": [
        {
          "uuid": "36e2832a-91cc-4af4-8280-41f4e64b890f",
          "title": "Test Mouse Actions",
          "fullFile": "",
          "file": "",
          "beforeHooks": [],
          "afterHooks": [],
          "tests": [
            {
              "title": "I should able to hold the left mouse click button on a given element",
              "fullTitle": "Test Mouse Actions I should able to hold the left mouse click button on a given element",
              "timedOut": null,
              "duration": 1436,
              "state": "passed",
              "speed": "fast",
              "pass": true,
              "fail": false,
              "pending": false,
              "context": null,
              "code": "cy.visit(\"https://www.webdriveruniversity.com\");\ncy.get(\"#actions\").scrollIntoView().invoke(\"removeAttr\", \"target\").click({\n  force: true\n});\ncy.get(\"#click-box\").trigger(\"mousedown\", {\n  which: 1\n}).then($element => {\n  expect($element).to.have.css(\"backgroundColor\", \"rgb(0, 255, 0)\");\n});",
              "err": {},
              "uuid": "cfa95da1-80ec-41f7-bb83-5392f96be856",
              "parentUUID": "36e2832a-91cc-4af4-8280-41f4e64b890f",
              "isHook": false,
              "skipped": false
            }
          ],
          "suites": [],
          "passes": [
            "cfa95da1-80ec-41f7-bb83-5392f96be856"
          ],
          "failures": [],
          "pending": [],
          "skipped": [],
          "duration": 1436,
          "root": false,
          "rootEmpty": false,
          "_timeout": 2000
        }
      ],
      "passes": [],
      "failures": [],
      "pending": [],
      "skipped": [],
      "duration": 0,
      "root": true,
      "rootEmpty": true,
      "_timeout": 2000
    },
    {
      "uuid": "52b3dce2-e619-4933-8adb-59c32ab3986b",
      "title": "",
      "fullFile": "cypress/e2e/webdriveruni/radio-buttons.js",
      "file": "cypress/e2e/webdriveruni/radio-buttons.js",
      "beforeHooks": [],
      "afterHooks": [],
      "tests": [],
      "suites": [
        {
          "uuid": "d52c618a-bc7e-43cb-bced-0c233d4239a7",
          "title": "Verify radio buttons with webdriveruni",
          "fullFile": "",
          "file": "",
          "beforeHooks": [],
          "afterHooks": [],
          "tests": [
            {
              "title": "Validate state of specific radio buttons",
              "fullTitle": "Verify radio buttons with webdriveruni Validate state of specific radio buttons",
              "timedOut": null,
              "duration": 2248,
              "state": "passed",
              "speed": "fast",
              "pass": true,
              "fail": false,
              "pending": false,
              "context": null,
              "code": "cy.get(\"[value='lettuce']\").should(\"not.be.checked\");\ncy.get(\"[value='pumpkin']\").should(\"be.checked\");\ncy.get(\"[value='cabbage']\").should(\"be.disabled\");",
              "err": {},
              "uuid": "c36fb845-127a-4307-899d-d802cf6a6348",
              "parentUUID": "d52c618a-bc7e-43cb-bced-0c233d4239a7",
              "isHook": false,
              "skipped": false
            }
          ],
          "suites": [],
          "passes": [
            "c36fb845-127a-4307-899d-d802cf6a6348"
          ],
          "failures": [],
          "pending": [],
          "skipped": [],
          "duration": 2248,
          "root": false,
          "rootEmpty": false,
          "_timeout": 2000
        }
      ],
      "passes": [],
      "failures": [],
      "pending": [],
      "skipped": [],
      "duration": 0,
      "root": true,
      "rootEmpty": true,
      "_timeout": 2000
    },
    {
      "uuid": "32aeb69d-f022-4175-add0-b9914b527c47",
      "title": "",
      "fullFile": "cypress/e2e/webdriveruni/select-dropdown-list.js",
      "file": "cypress/e2e/webdriveruni/select-dropdown-list.js",
      "beforeHooks": [],
      "afterHooks": [],
      "tests": [],
      "suites": [
        {
          "uuid": "87c353ad-b73b-4229-b830-aff20c8ca83a",
          "title": "Interact with droddown lists via webdriveruni",
          "fullFile": "",
          "file": "",
          "beforeHooks": [],
          "afterHooks": [],
          "tests": [
            {
              "title": "Select specific value lists via select dropdown lists ",
              "fullTitle": "Interact with droddown lists via webdriveruni Select specific value lists via select dropdown lists ",
              "timedOut": null,
              "duration": 3036,
              "state": "passed",
              "speed": "fast",
              "pass": true,
              "fail": false,
              "pending": false,
              "context": null,
              "code": "cy.visit(\"https://www.webdriveruniversity.com\");\ncy.get(\"#dropdown-checkboxes-radiobuttons\").invoke(\"removeAttr\", \"target\").click({\n  force: true\n});\n// cy.get(\"#dropdowm-menu-1\").select(\"SQL\").contains(\"SQL\")\ncy.get(\"#dropdowm-menu-2\").select(\"maven\").should(\"have.value\", \"maven\");\ncy.get(\"#dropdowm-menu-2\").select(\"TestNG\").contains(\"TestNG\");\n// cy.get(\"#dropdowm-menu-3\").select(\"javascript\")",
              "err": {},
              "uuid": "db19f975-6b95-43df-be17-4d989135ae72",
              "parentUUID": "87c353ad-b73b-4229-b830-aff20c8ca83a",
              "isHook": false,
              "skipped": false
            }
          ],
          "suites": [],
          "passes": [
            "db19f975-6b95-43df-be17-4d989135ae72"
          ],
          "failures": [],
          "pending": [],
          "skipped": [],
          "duration": 3036,
          "root": false,
          "rootEmpty": false,
          "_timeout": 2000
        }
      ],
      "passes": [],
      "failures": [],
      "pending": [],
      "skipped": [],
      "duration": 0,
      "root": true,
      "rootEmpty": true,
      "_timeout": 2000
    },
    {
      "uuid": "6723c68b-0d90-4626-a486-e813cf5bf16d",
      "title": "",
      "fullFile": "cypress/e2e/webdriveruni/traversal-test.js",
      "file": "cypress/e2e/webdriveruni/traversal-test.js",
      "beforeHooks": [],
      "afterHooks": [],
      "tests": [],
      "suites": [
        {
          "uuid": "519a309e-d2b4-4449-99b1-33eb6ba8526c",
          "title": "Test using Traversal commands in Cypress",
          "fullFile": "",
          "file": "",
          "beforeHooks": [],
          "afterHooks": [],
          "tests": [
            {
              "title": "closest() to validate the closest ancestor DOM element",
              "fullTitle": "Test using Traversal commands in Cypress closest() to validate the closest ancestor DOM element",
              "timedOut": null,
              "duration": 4988,
              "state": "failed",
              "speed": null,
              "pass": false,
              "fail": true,
              "pending": false,
              "context": null,
              "code": "cy.get(\".traversal-badge\").closest(\"ul\").should(\"have.class\", \"list-group\");",
              "err": {
                "message": "AssertionError: Timed out retrying after 4000ms: Expected to find element: `.traversal-badge`, but never found it.",
                "estack": "AssertionError: Timed out retrying after 4000ms: Expected to find element: `.traversal-badge`, but never found it.\n    at Context.eval (webpack:///./cypress/e2e/webdriveruni/traversal-test.js:14:7)",
                "diff": null
              },
              "uuid": "f0cb937f-28a6-42f9-82f1-1748426a6539",
              "parentUUID": "519a309e-d2b4-4449-99b1-33eb6ba8526c",
              "isHook": false,
              "skipped": false
            }
          ],
          "suites": [],
          "passes": [],
          "failures": [
            "f0cb937f-28a6-42f9-82f1-1748426a6539"
          ],
          "pending": [],
          "skipped": [],
          "duration": 4988,
          "root": false,
          "rootEmpty": false,
          "_timeout": 2000
        }
      ],
      "passes": [],
      "failures": [],
      "pending": [],
      "skipped": [],
      "duration": 0,
      "root": true,
      "rootEmpty": true,
      "_timeout": 2000
    },
    {
      "uuid": "85a031ec-0973-4047-9efb-c4e0b7c278af",
      "title": "",
      "fullFile": "cypress/e2e/webdriveruni/traversing-elements.js",
      "file": "cypress/e2e/webdriveruni/traversing-elements.js",
      "beforeHooks": [],
      "afterHooks": [],
      "tests": [],
      "suites": [
        {
          "uuid": "f2df2e81-3626-4256-bcb4-b23680e43f73",
          "title": "Traversing DOM elements in Cypress",
          "fullFile": "",
          "file": "",
          "beforeHooks": [],
          "afterHooks": [],
          "tests": [
            {
              "title": "siblings() To get all sibling DOM elements of elements",
              "fullTitle": "Traversing DOM elements in Cypress siblings() To get all sibling DOM elements of elements",
              "timedOut": null,
              "duration": 1247,
              "state": "passed",
              "speed": "fast",
              "pass": true,
              "fail": false,
              "pending": false,
              "context": null,
              "code": "cy.get(\".traversal-button-other-states\").siblings().should(\"have.length\", 5);",
              "err": {},
              "uuid": "11ff6e2d-9b78-4a07-8f6b-ff6b85e69626",
              "parentUUID": "f2df2e81-3626-4256-bcb4-b23680e43f73",
              "isHook": false,
              "skipped": false
            }
          ],
          "suites": [],
          "passes": [
            "11ff6e2d-9b78-4a07-8f6b-ff6b85e69626"
          ],
          "failures": [],
          "pending": [],
          "skipped": [],
          "duration": 1247,
          "root": false,
          "rootEmpty": false,
          "_timeout": 2000
        }
      ],
      "passes": [],
      "failures": [],
      "pending": [],
      "skipped": [],
      "duration": 0,
      "root": true,
      "rootEmpty": true,
      "_timeout": 2000
    },
    {
      "uuid": "76c11368-b4b7-47d3-b287-93a9352f7767",
      "title": "",
      "fullFile": "cypress/e2e/webdriveruni/upload-file.js",
      "file": "cypress/e2e/webdriveruni/upload-file.js",
      "beforeHooks": [],
      "afterHooks": [],
      "tests": [],
      "suites": [
        {
          "uuid": "57a07410-716d-45f6-80bb-cebc9ece0df0",
          "title": "Test Upload file via webdriveruni",
          "fullFile": "",
          "file": "",
          "beforeHooks": [],
          "afterHooks": [],
          "tests": [
            {
              "title": "Upload file....",
              "fullTitle": "Test Upload file via webdriveruni Upload file....",
              "timedOut": null,
              "duration": 1270,
              "state": "passed",
              "speed": "fast",
              "pass": true,
              "fail": false,
              "pending": false,
              "context": null,
              "code": "cy.visit(\"https://www.webdriveruniversity.com\");\ncy.get(\"#file-upload\").invoke(\"removeAttr\", \"target\").click({\n  force: true\n});\ncy.get(\"#myFile\").selectFile(\"cypress/fixtures/card.png\");\ncy.get(\"#submit-button\").click();",
              "err": {},
              "uuid": "ed1890db-0a0b-480e-b312-ac370150fa01",
              "parentUUID": "57a07410-716d-45f6-80bb-cebc9ece0df0",
              "isHook": false,
              "skipped": false
            },
            {
              "title": "No file upload",
              "fullTitle": "Test Upload file via webdriveruni No file upload",
              "timedOut": null,
              "duration": 681,
              "state": "passed",
              "speed": "fast",
              "pass": true,
              "fail": false,
              "pending": false,
              "context": null,
              "code": "cy.visit(\"https://www.webdriveruniversity.com\");\ncy.get(\"#file-upload\").invoke(\"removeAttr\", \"target\").click({\n  force: true\n});\ncy.get(\"#submit-button\").click();",
              "err": {},
              "uuid": "d9e22613-887c-4098-abae-b7f96431f0b4",
              "parentUUID": "57a07410-716d-45f6-80bb-cebc9ece0df0",
              "isHook": false,
              "skipped": false
            }
          ],
          "suites": [],
          "passes": [
            "ed1890db-0a0b-480e-b312-ac370150fa01",
            "d9e22613-887c-4098-abae-b7f96431f0b4"
          ],
          "failures": [],
          "pending": [],
          "skipped": [],
          "duration": 1951,
          "root": false,
          "rootEmpty": false,
          "_timeout": 2000
        }
      ],
      "passes": [],
      "failures": [],
      "pending": [],
      "skipped": [],
      "duration": 0,
      "root": true,
      "rootEmpty": true,
      "_timeout": 2000
    },
    {
      "uuid": "57410f11-2f89-4f7d-b5c4-d468344de734",
      "title": "",
      "fullFile": "cypress/e2e/automation-test-store/add-multiple-items.basket.js",
      "file": "cypress/e2e/automation-test-store/add-multiple-items.basket.js",
      "beforeHooks": [],
      "afterHooks": [],
      "tests": [],
      "suites": [
        {
          "uuid": "211668c7-9890-4c3a-86b3-5d4692d61383",
          "title": "Test Add multiple items into basket vi automation-test-store",
          "fullFile": "",
          "file": "",
          "beforeHooks": [],
          "afterHooks": [],
          "tests": [
            {
              "title": "Add specific item into basket",
              "fullTitle": "Test Add multiple items into basket vi automation-test-store Add specific item into basket",
              "timedOut": null,
              "duration": 7404,
              "state": "failed",
              "speed": null,
              "pass": false,
              "fail": true,
              "pending": false,
              "context": null,
              "code": "autoStore_hairPage.addHairProductsToBasket();",
              "err": {
                "message": "CypressError: Timed out retrying after 4050ms: `cy.click()` failed because this element is not visible:\n\n`<a href=\"https://automationteststore.com/index.php?rt=product/category&amp;path=52\">Hair Care</a>`\n\nThis element `<a>` is not visible because its parent `<ul.nav-pills.categorymenu>` has CSS property: `display: none`\n\nFix this problem, or use `{force: true}` to disable error checking.\n\nhttps://on.cypress.io/element-cannot-be-interacted-with\n\nBecause this error occurred during a `before each` hook we are skipping the remaining tests in the current suite: `Test Add multiple items int...`",
                "estack": "CypressError: Timed out retrying after 4050ms: `cy.click()` failed because this element is not visible:\n\n`<a href=\"https://automationteststore.com/index.php?rt=product/category&amp;path=52\">Hair Care</a>`\n\nThis element `<a>` is not visible because its parent `<ul.nav-pills.categorymenu>` has CSS property: `display: none`\n\nFix this problem, or use `{force: true}` to disable error checking.\n\nhttps://on.cypress.io/element-cannot-be-interacted-with\n\nBecause this error occurred during a `before each` hook we are skipping the remaining tests in the current suite: `Test Add multiple items int...`\n    at runVisibilityCheck (https://automationteststore.com/__cypress/runner/cypress_runner.js:161395:66)\n    at Object.isStrictlyVisible (https://automationteststore.com/__cypress/runner/cypress_runner.js:161409:10)\n    at runAllChecks (https://automationteststore.com/__cypress/runner/cypress_runner.js:139991:26)\n    at retryActionability (https://automationteststore.com/__cypress/runner/cypress_runner.js:140059:16)\n    at tryCatcher (https://automationteststore.com/__cypress/runner/cypress_runner.js:18744:23)\n    at Promise.attempt.Promise.try (https://automationteststore.com/__cypress/runner/cypress_runner.js:16018:29)\n    at whenStable (https://automationteststore.com/__cypress/runner/cypress_runner.js:156173:65)\n    at <unknown> (https://automationteststore.com/__cypress/runner/cypress_runner.js:155614:14)\n    at tryCatcher (https://automationteststore.com/__cypress/runner/cypress_runner.js:18744:23)\n    at Promise._settlePromiseFromHandler (https://automationteststore.com/__cypress/runner/cypress_runner.js:16679:31)\n    at Promise._settlePromise (https://automationteststore.com/__cypress/runner/cypress_runner.js:16736:18)\n    at Promise._settlePromise0 (https://automationteststore.com/__cypress/runner/cypress_runner.js:16781:10)\n    at Promise._settlePromises (https://automationteststore.com/__cypress/runner/cypress_runner.js:16861:18)\n    at Promise._fulfill (https://automationteststore.com/__cypress/runner/cypress_runner.js:16805:18)\n    at <unknown> (https://automationteststore.com/__cypress/runner/cypress_runner.js:18419:46)\nFrom Your Spec Code:\n    at AutoStore_HomePage_PO.clickOn_HairCare_Link (webpack:///./cypress/support/pageObjects/automation-test-store/AutoStore_HomePage_PO.js:6:70)\n    at Context.eval (webpack:///./cypress/e2e/automation-test-store/add-multiple-items.basket.js:20:22)",
                "diff": null
              },
              "uuid": "f900f0e4-ad21-4502-9ffc-84e11bf05fff",
              "parentUUID": "211668c7-9890-4c3a-86b3-5d4692d61383",
              "isHook": false,
              "skipped": false
            }
          ],
          "suites": [],
          "passes": [],
          "failures": [
            "f900f0e4-ad21-4502-9ffc-84e11bf05fff"
          ],
          "pending": [],
          "skipped": [],
          "duration": 7404,
          "root": false,
          "rootEmpty": false,
          "_timeout": 2000
        }
      ],
      "passes": [],
      "failures": [],
      "pending": [],
      "skipped": [],
      "duration": 0,
      "root": true,
      "rootEmpty": true,
      "_timeout": 2000
    },
    {
      "uuid": "f95ed35e-3a0a-48e7-bd4b-eaf1e6d85ce6",
      "title": "",
      "fullFile": "cypress/e2e/automation-test-store/alias-invoke.js",
      "file": "cypress/e2e/automation-test-store/alias-invoke.js",
      "beforeHooks": [],
      "afterHooks": [],
      "tests": [],
      "suites": [
        {
          "uuid": "53ab1c3f-2236-47d6-b910-24040df1d54f",
          "title": "Alias & Invoke",
          "fullFile": "",
          "file": "",
          "beforeHooks": [],
          "afterHooks": [],
          "tests": [
            {
              "title": "Calculate total of normal and sale products",
              "fullTitle": "Alias & Invoke Calculate total of normal and sale products",
              "timedOut": null,
              "duration": 3999,
              "state": "failed",
              "speed": null,
              "pass": false,
              "fail": true,
              "pending": false,
              "context": null,
              "code": "cy.visit(\"https://automationteststore.com/\");\n// Capture sale items prices\ncy.get(\".thumbnail\").find(\".pricenew\").invoke(\"text\").as(\"saleItem\");\ncy.get(\"@saleItem\").then($sellItem => {\n  // Split the price string and filter out any empty strings\n  var saleItem = $sellItem.split(\"$\").filter(Boolean);\n  cy.log(\"Sell Item Price Array: \" + saleItem);\n  var sellItemPriceTotal = 0;\n  // Loop through sale items and calculate the total price\n  saleItem.forEach(price => {\n    sellItemPriceTotal += Number(price);\n  });\n  cy.log(\"Sell Items Total Price: $\" + sellItemPriceTotal);\n  // Now capture non-sale items\n  cy.get(\".thumbnail\").find(\".oneprice\").invoke(\"text\").as(\"itemPrice\");\n  cy.get(\"@itemPrice\").then($itemPrice => {\n    // Split the price string and filter out empty strings\n    var itemPrice = $itemPrice.split(\"$\").filter(Boolean);\n    cy.log(\"Normal Item Price Array: \" + itemPrice);\n    var normalItemPriceTotal = 0;\n    // Loop through normal items and calculate the total price\n    itemPrice.forEach(price => {\n      normalItemPriceTotal += Number(price);\n    });\n    cy.log(\"Normal Items Total Price: $\" + normalItemPriceTotal);\n    // Calculate the total of both normal and sale items\n    const totalItemsPrice = sellItemPriceTotal + normalItemPriceTotal;\n    cy.log(\"The Total Price is: $\" + totalItemsPrice);\n    expect(totalItemsPrice).to.eql(6481.5);\n  });\n});",
              "err": {
                "message": "AssertionError: expected 573.5 to deeply equal 6481.5",
                "estack": "AssertionError: expected 573.5 to deeply equal 6481.5\n    at Context.eval (webpack:///./cypress/e2e/automation-test-store/alias-invoke.js:117:35)",
                "diff": "- 573.5\n+ 6481.5\n"
              },
              "uuid": "fc85773e-6ec1-402b-8416-b8addc5b55a9",
              "parentUUID": "53ab1c3f-2236-47d6-b910-24040df1d54f",
              "isHook": false,
              "skipped": false
            }
          ],
          "suites": [],
          "passes": [],
          "failures": [
            "fc85773e-6ec1-402b-8416-b8addc5b55a9"
          ],
          "pending": [],
          "skipped": [],
          "duration": 3999,
          "root": false,
          "rootEmpty": false,
          "_timeout": 2000
        }
      ],
      "passes": [],
      "failures": [],
      "pending": [],
      "skipped": [],
      "duration": 0,
      "root": true,
      "rootEmpty": true,
      "_timeout": 2000
    },
    {
      "uuid": "ce438af1-e122-4a5b-999e-e83971ab2eec",
      "title": "",
      "fullFile": "cypress/e2e/automation-test-store/contact-us.js",
      "file": "cypress/e2e/automation-test-store/contact-us.js",
      "beforeHooks": [],
      "afterHooks": [],
      "tests": [],
      "suites": [
        {
          "uuid": "207dcd8e-cc8c-4b54-becc-8d7e351ba2ef",
          "title": "Test Contact Us form via WebdriverUni",
          "fullFile": "",
          "file": "",
          "beforeHooks": [],
          "afterHooks": [],
          "tests": [
            {
              "title": "Should be able to submit a successfull submission contact us form",
              "fullTitle": "Test Contact Us form via WebdriverUni Should be able to submit a successfull submission contact us form",
              "timedOut": null,
              "duration": 5993,
              "state": "passed",
              "speed": "medium",
              "pass": true,
              "fail": false,
              "pending": false,
              "context": null,
              "code": "cy.visit(\"https://automationteststore.com/\");\ncy.get(\".info_links_footer > :nth-child(5) > a\").click().then(linkText => {\n  cy.log(\"Link Text: \" + linkText.text());\n});\ncy.get(\"@user\").then(user => {\n  cy.get(\"#ContactUsFrm_first_name\").type(user.first_name);\n  cy.get(\"#ContactUsFrm_email\").type(user.email);\n});\ncy.get(\"#ContactUsFrm_first_name\").type(\"Abdinaasir Ahmed\");\ncy.get(\"#ContactUsFrm_email\").type(\"abdinaasir@gmail.com\");\ncy.get(\"#ContactUsFrm_enquiry\").type(\"You enquiry has been sent to the Company\");",
              "err": {},
              "uuid": "d94003bf-5f0a-4139-a511-0a7e62f7cd1f",
              "parentUUID": "207dcd8e-cc8c-4b54-becc-8d7e351ba2ef",
              "isHook": false,
              "skipped": false
            }
          ],
          "suites": [],
          "passes": [
            "d94003bf-5f0a-4139-a511-0a7e62f7cd1f"
          ],
          "failures": [],
          "pending": [],
          "skipped": [],
          "duration": 5993,
          "root": false,
          "rootEmpty": false,
          "_timeout": 2000
        }
      ],
      "passes": [],
      "failures": [],
      "pending": [],
      "skipped": [],
      "duration": 0,
      "root": true,
      "rootEmpty": true,
      "_timeout": 2000
    },
    {
      "uuid": "a42dc759-b976-421c-afeb-a9f7b6068654",
      "title": "",
      "fullFile": "cypress/e2e/automation-test-store/iterate-over-elements.js",
      "file": "cypress/e2e/automation-test-store/iterate-over-elements.js",
      "beforeHooks": [],
      "afterHooks": [],
      "tests": [],
      "suites": [
        {
          "uuid": "ce30cc12-2bec-4b61-9a05-4887c331ba42",
          "title": "Iterate Over Elements",
          "fullFile": "",
          "file": "",
          "beforeHooks": [],
          "afterHooks": [],
          "tests": [
            {
              "title": "Add specific product to basket",
              "fullTitle": "Iterate Over Elements Add specific product to basket",
              "timedOut": null,
              "duration": 7898,
              "state": "failed",
              "speed": null,
              "pass": false,
              "fail": true,
              "pending": false,
              "context": null,
              "code": "cy.selectProduct(\"Curls to straight Shampoo\");",
              "err": {
                "message": "CypressError: Timed out retrying after 4050ms: `cy.click()` failed because this element is not visible:\n\n`<a href=\"https://automationteststore.com/index.php?rt=product/category&amp;path=52\">Hair Care</a>`\n\nThis element `<a>` is not visible because its parent `<ul.nav-pills.categorymenu>` has CSS property: `display: none`\n\nFix this problem, or use `{force: true}` to disable error checking.\n\nhttps://on.cypress.io/element-cannot-be-interacted-with\n\nBecause this error occurred during a `before each` hook we are skipping the remaining tests in the current suite: `Iterate Over Elements`",
                "estack": "CypressError: Timed out retrying after 4050ms: `cy.click()` failed because this element is not visible:\n\n`<a href=\"https://automationteststore.com/index.php?rt=product/category&amp;path=52\">Hair Care</a>`\n\nThis element `<a>` is not visible because its parent `<ul.nav-pills.categorymenu>` has CSS property: `display: none`\n\nFix this problem, or use `{force: true}` to disable error checking.\n\nhttps://on.cypress.io/element-cannot-be-interacted-with\n\nBecause this error occurred during a `before each` hook we are skipping the remaining tests in the current suite: `Iterate Over Elements`\n    at runVisibilityCheck (https://automationteststore.com/__cypress/runner/cypress_runner.js:161395:66)\n    at Object.isStrictlyVisible (https://automationteststore.com/__cypress/runner/cypress_runner.js:161409:10)\n    at runAllChecks (https://automationteststore.com/__cypress/runner/cypress_runner.js:139991:26)\n    at retryActionability (https://automationteststore.com/__cypress/runner/cypress_runner.js:140059:16)\n    at tryCatcher (https://automationteststore.com/__cypress/runner/cypress_runner.js:18744:23)\n    at Promise.attempt.Promise.try (https://automationteststore.com/__cypress/runner/cypress_runner.js:16018:29)\n    at whenStable (https://automationteststore.com/__cypress/runner/cypress_runner.js:156173:65)\n    at <unknown> (https://automationteststore.com/__cypress/runner/cypress_runner.js:155614:14)\n    at tryCatcher (https://automationteststore.com/__cypress/runner/cypress_runner.js:18744:23)\n    at Promise._settlePromiseFromHandler (https://automationteststore.com/__cypress/runner/cypress_runner.js:16679:31)\n    at Promise._settlePromise (https://automationteststore.com/__cypress/runner/cypress_runner.js:16736:18)\n    at Promise._settlePromise0 (https://automationteststore.com/__cypress/runner/cypress_runner.js:16781:10)\n    at Promise._settlePromises (https://automationteststore.com/__cypress/runner/cypress_runner.js:16861:18)\n    at Promise._fulfill (https://automationteststore.com/__cypress/runner/cypress_runner.js:16805:18)\n    at <unknown> (https://automationteststore.com/__cypress/runner/cypress_runner.js:18419:46)\nFrom Your Spec Code:\n    at Context.eval (webpack:///./cypress/e2e/automation-test-store/iterate-over-elements.js:7:70)",
                "diff": null
              },
              "uuid": "ee84f19f-59cb-4b38-9506-d970fa49e80c",
              "parentUUID": "ce30cc12-2bec-4b61-9a05-4887c331ba42",
              "isHook": false,
              "skipped": false
            },
            {
              "title": "Add specific product to basket",
              "fullTitle": "Iterate Over Elements Add specific product to basket",
              "timedOut": null,
              "duration": 0,
              "state": "skipped",
              "speed": null,
              "pass": false,
              "fail": false,
              "pending": false,
              "context": null,
              "code": "cy.selectProduct(\"Seaweed Conditioner\");",
              "err": {},
              "uuid": "5f138cdc-a1c9-4436-8bd4-0cb5dd3aebf4",
              "parentUUID": "ce30cc12-2bec-4b61-9a05-4887c331ba42",
              "isHook": false,
              "skipped": true
            },
            {
              "title": "Add specific product to basket",
              "fullTitle": "Iterate Over Elements Add specific product to basket",
              "timedOut": null,
              "duration": 0,
              "state": "skipped",
              "speed": null,
              "pass": false,
              "fail": false,
              "pending": false,
              "context": null,
              "code": "cy.selectProduct(\"Eau Parfumee au The Vert Shampoo\");",
              "err": {},
              "uuid": "5e7f9446-a243-49b1-b068-eb974af96508",
              "parentUUID": "ce30cc12-2bec-4b61-9a05-4887c331ba42",
              "isHook": false,
              "skipped": true
            }
          ],
          "suites": [],
          "passes": [],
          "failures": [
            "ee84f19f-59cb-4b38-9506-d970fa49e80c"
          ],
          "pending": [],
          "skipped": [
            "5f138cdc-a1c9-4436-8bd4-0cb5dd3aebf4",
            "5e7f9446-a243-49b1-b068-eb974af96508"
          ],
          "duration": 7898,
          "root": false,
          "rootEmpty": false,
          "_timeout": 2000
        }
      ],
      "passes": [],
      "failures": [],
      "pending": [],
      "skipped": [],
      "duration": 0,
      "root": true,
      "rootEmpty": true,
      "_timeout": 2000
    },
    {
      "uuid": "05590a03-b4d6-4d43-8ef0-356c0132c2d4",
      "title": "",
      "fullFile": "cypress/e2e/automation-test-store/variables-and-cy-commands.js",
      "file": "cypress/e2e/automation-test-store/variables-and-cy-commands.js",
      "beforeHooks": [],
      "afterHooks": [],
      "tests": [],
      "suites": [
        {
          "uuid": "6dee8d41-2f63-4e41-b3c8-b2b2bb99072b",
          "title": "Verifying variables, Cypress Commands and JQuery commands",
          "fullFile": "",
          "file": "",
          "beforeHooks": [],
          "afterHooks": [],
          "tests": [
            {
              "title": "Validate Properties Of The Contact US Page",
              "fullTitle": "Verifying variables, Cypress Commands and JQuery commands Validate Properties Of The Contact US Page",
              "timedOut": null,
              "duration": 1503,
              "state": "passed",
              "speed": "fast",
              "pass": true,
              "fail": false,
              "pending": false,
              "context": null,
              "code": "cy.visit(\"https://automationteststore.com/index.php?rt=content/contact\");\n//Uses cypress commands and chaining\ncy.contains(\"#ContactUsFrm\", \"Contact Us Form\").find(\"#field_11\").should(\"contain\", \"First name\");\n//JQuery Approach\ncy.contains(\"#ContactUsFrm\", \"Contact Us Form\").then(text => {\n  const firstNameText = text.find(\"#field_11\").text();\n  expect(firstNameText).to.contain(\"First name\");\n  // Embedded commands (clorsures)\n  cy.get(\"#field_11\").then(fnText => {\n    cy.log(fnText.text());\n    cy.log(fnText);\n  });\n});",
              "err": {},
              "uuid": "036ad40c-022d-4205-8198-df1b1f1f9a85",
              "parentUUID": "6dee8d41-2f63-4e41-b3c8-b2b2bb99072b",
              "isHook": false,
              "skipped": false
            }
          ],
          "suites": [],
          "passes": [
            "036ad40c-022d-4205-8198-df1b1f1f9a85"
          ],
          "failures": [],
          "pending": [],
          "skipped": [],
          "duration": 1503,
          "root": false,
          "rootEmpty": false,
          "_timeout": 2000
        }
      ],
      "passes": [],
      "failures": [],
      "pending": [],
      "skipped": [],
      "duration": 0,
      "root": true,
      "rootEmpty": true,
      "_timeout": 2000
    },
    {
      "uuid": "c328f15e-a54f-4d5a-af0f-71b3baa51399",
      "title": "",
      "fullFile": "cypress/e2e/other/hooks.js",
      "file": "cypress/e2e/other/hooks.js",
      "beforeHooks": [],
      "afterHooks": [],
      "tests": [],
      "suites": [
        {
          "uuid": "f95786a3-9f5a-40ea-a20b-4f9ce8571eda",
          "title": "Hooks",
          "fullFile": "",
          "file": "",
          "beforeHooks": [],
          "afterHooks": [],
          "tests": [
            {
              "title": "Example Test 1",
              "fullTitle": "Hooks Example Test 1",
              "timedOut": null,
              "duration": 156,
              "state": "passed",
              "speed": "fast",
              "pass": true,
              "fail": false,
              "pending": false,
              "context": null,
              "code": "cy.log(\"Example Test 1\");",
              "err": {},
              "uuid": "b01ec1ae-67d4-4ecf-8479-0840fd3ee3df",
              "parentUUID": "f95786a3-9f5a-40ea-a20b-4f9ce8571eda",
              "isHook": false,
              "skipped": false
            },
            {
              "title": "Example Test 2",
              "fullTitle": "Hooks Example Test 2",
              "timedOut": null,
              "duration": 60,
              "state": "passed",
              "speed": "fast",
              "pass": true,
              "fail": false,
              "pending": false,
              "context": null,
              "code": "cy.log(\"Example Test 2\");",
              "err": {},
              "uuid": "f0ecb9ba-bfc0-4bc9-893b-7f1578ee923f",
              "parentUUID": "f95786a3-9f5a-40ea-a20b-4f9ce8571eda",
              "isHook": false,
              "skipped": false
            }
          ],
          "suites": [],
          "passes": [
            "b01ec1ae-67d4-4ecf-8479-0840fd3ee3df",
            "f0ecb9ba-bfc0-4bc9-893b-7f1578ee923f"
          ],
          "failures": [],
          "pending": [],
          "skipped": [],
          "duration": 216,
          "root": false,
          "rootEmpty": false,
          "_timeout": 2000
        }
      ],
      "passes": [],
      "failures": [],
      "pending": [],
      "skipped": [],
      "duration": 0,
      "root": true,
      "rootEmpty": true,
      "_timeout": 2000
    },
    {
      "uuid": "3facf148-0f74-49aa-a83f-5155cc755739",
      "title": "",
      "fullFile": "cypress/e2e/other/same-origin-policy.js",
      "file": "cypress/e2e/other/same-origin-policy.js",
      "beforeHooks": [],
      "afterHooks": [],
      "tests": [],
      "suites": [
        {
          "uuid": "4bb05263-a591-44a3-ae23-b89c8477dabe",
          "title": "Cypress Web Security",
          "fullFile": "",
          "file": "",
          "beforeHooks": [],
          "afterHooks": [],
          "tests": [
            {
              "title": "Validate two different domains",
              "fullTitle": "Cypress Web Security Validate two different domains",
              "timedOut": null,
              "duration": 2414,
              "state": "passed",
              "speed": "fast",
              "pass": true,
              "fail": false,
              "pending": false,
              "context": null,
              "code": "cy.visit(\"https://www.webdriveruniversity.com/\");\ncy.visit(\"https://automationteststore.com/\");",
              "err": {},
              "uuid": "656437f2-0ffa-49c0-9a03-536fe9710d31",
              "parentUUID": "4bb05263-a591-44a3-ae23-b89c8477dabe",
              "isHook": false,
              "skipped": false
            },
            {
              "title": "Should not be able to submit a successfull submission contact us form as all fields required",
              "fullTitle": "Cypress Web Security Should not be able to submit a successfull submission contact us form as all fields required",
              "timedOut": null,
              "duration": 214,
              "state": "passed",
              "speed": "fast",
              "pass": true,
              "fail": false,
              "pending": false,
              "context": null,
              "code": "cy.log(\"Test ran\");",
              "err": {},
              "uuid": "20023a50-8e7e-470a-94e0-81e39bb71b8a",
              "parentUUID": "4bb05263-a591-44a3-ae23-b89c8477dabe",
              "isHook": false,
              "skipped": false
            }
          ],
          "suites": [],
          "passes": [
            "656437f2-0ffa-49c0-9a03-536fe9710d31",
            "20023a50-8e7e-470a-94e0-81e39bb71b8a"
          ],
          "failures": [],
          "pending": [],
          "skipped": [],
          "duration": 2628,
          "root": false,
          "rootEmpty": false,
          "_timeout": 2000
        }
      ],
      "passes": [],
      "failures": [],
      "pending": [],
      "skipped": [],
      "duration": 0,
      "root": true,
      "rootEmpty": true,
      "_timeout": 2000
    }
  ],
  "meta": {
    "mocha": {
      "version": "7.0.1"
    },
    "mochawesome": {
      "options": {
        "quiet": false,
        "reportFilename": "mochawesome",
        "saveHtml": false,
        "saveJson": true,
        "consoleReporter": "spec",
        "useInlineDiffs": false,
        "code": true
      },
      "version": "7.1.3"
    },
    "marge": {
      "options": {
        "id": "default",
        "reportDir": "cypress/results/mochawesome",
        "quite": true,
        "overwrite": false,
        "html": false,
        "json": true
      },
      "version": "6.2.0"
    }
  }
}